This is pdfTeX, Version 3.1415926-2.3-1.40.12 (MiKTeX 2.9 64-bit) (preloaded format=pdflatex 2011.12.6)  7 JUN 2012 22:37
entering extended mode
**D:/Polytech/Projets/Latex/modele-EPURapport/modele-rapport/RapportSE.tex
(D:/Polytech/Projets/Latex/modele-EPURapport/modele-rapport/RapportSE.tex
LaTeX2e <2011/06/27>
Babel <v3.8m> and hyphenation patterns for english, afrikaans, ancientgreek, ar
abic, armenian, assamese, basque, bengali, bokmal, bulgarian, catalan, coptic, 
croatian, czech, danish, dutch, esperanto, estonian, farsi, finnish, french, ga
lician, german, german-x-2009-06-19, greek, gujarati, hindi, hungarian, iceland
ic, indonesian, interlingua, irish, italian, kannada, kurmanji, lao, latin, lat
vian, lithuanian, malayalam, marathi, mongolian, mongolianlmc, monogreek, ngerm
an, ngerman-x-2009-06-19, nynorsk, oriya, panjabi, pinyin, polish, portuguese, 
romanian, russian, sanskrit, serbian, slovak, slovenian, spanish, swedish, swis
sgerman, tamil, telugu, turkish, turkmen, ukenglish, ukrainian, uppersorbian, u
senglishmax, welsh, loaded.
(D:\Polytech\Projets\Latex\modele-EPURapport\modele-rapport\EPURapport.cls
Document Class: EPURapport 2009/04/24 - EPURapport document class
("d:\Program Files\MiKTeX 2.9\tex\latex\lm\lmodern.sty"
Package: lmodern 2009/10/30 v1.6 Latin Modern Fonts
LaTeX Font Info:    Overwriting symbol font `operators' in version `normal'
(Font)                  OT1/cmr/m/n --> OT1/lmr/m/n on input line 22.
LaTeX Font Info:    Overwriting symbol font `letters' in version `normal'
(Font)                  OML/cmm/m/it --> OML/lmm/m/it on input line 23.
LaTeX Font Info:    Overwriting symbol font `symbols' in version `normal'
(Font)                  OMS/cmsy/m/n --> OMS/lmsy/m/n on input line 24.
LaTeX Font Info:    Overwriting symbol font `largesymbols' in version `normal'
(Font)                  OMX/cmex/m/n --> OMX/lmex/m/n on input line 25.
LaTeX Font Info:    Overwriting symbol font `operators' in version `bold'
(Font)                  OT1/cmr/bx/n --> OT1/lmr/bx/n on input line 26.
LaTeX Font Info:    Overwriting symbol font `letters' in version `bold'
(Font)                  OML/cmm/b/it --> OML/lmm/b/it on input line 27.
LaTeX Font Info:    Overwriting symbol font `symbols' in version `bold'
(Font)                  OMS/cmsy/b/n --> OMS/lmsy/b/n on input line 28.
LaTeX Font Info:    Overwriting symbol font `largesymbols' in version `bold'
(Font)                  OMX/cmex/m/n --> OMX/lmex/m/n on input line 29.
LaTeX Font Info:    Overwriting math alphabet `\mathbf' in version `normal'
(Font)                  OT1/cmr/bx/n --> OT1/lmr/bx/n on input line 31.
LaTeX Font Info:    Overwriting math alphabet `\mathsf' in version `normal'
(Font)                  OT1/cmss/m/n --> OT1/lmss/m/n on input line 32.
LaTeX Font Info:    Overwriting math alphabet `\mathit' in version `normal'
(Font)                  OT1/cmr/m/it --> OT1/lmr/m/it on input line 33.
LaTeX Font Info:    Overwriting math alphabet `\mathtt' in version `normal'
(Font)                  OT1/cmtt/m/n --> OT1/lmtt/m/n on input line 34.
LaTeX Font Info:    Overwriting math alphabet `\mathbf' in version `bold'
(Font)                  OT1/cmr/bx/n --> OT1/lmr/bx/n on input line 35.
LaTeX Font Info:    Overwriting math alphabet `\mathsf' in version `bold'
(Font)                  OT1/cmss/bx/n --> OT1/lmss/bx/n on input line 36.
LaTeX Font Info:    Overwriting math alphabet `\mathit' in version `bold'
(Font)                  OT1/cmr/bx/it --> OT1/lmr/bx/it on input line 37.
LaTeX Font Info:    Overwriting math alphabet `\mathtt' in version `bold'
(Font)                  OT1/cmtt/m/n --> OT1/lmtt/m/n on input line 38.
)
("d:\Program Files\MiKTeX 2.9\tex\latex\base\fontenc.sty"
Package: fontenc 2005/09/27 v1.99g Standard LaTeX package

("d:\Program Files\MiKTeX 2.9\tex\latex\base\t1enc.def"
File: t1enc.def 2005/09/27 v1.99g Standard LaTeX file
LaTeX Font Info:    Redeclaring font encoding T1 on input line 43.
))
("d:\Program Files\MiKTeX 2.9\tex\latex\base\ifthen.sty"
Package: ifthen 2001/05/26 v1.1c Standard LaTeX ifthen package (DPC)
)
(C:\Users\shang\AppData\Roaming\MiKTeX\2.9\tex\latex\fancyhdr\fancyhdr.sty
\fancy@headwidth=\skip41
\f@ncyO@elh=\skip42
\f@ncyO@erh=\skip43
\f@ncyO@olh=\skip44
\f@ncyO@orh=\skip45
\f@ncyO@elf=\skip46
\f@ncyO@erf=\skip47
\f@ncyO@olf=\skip48
\f@ncyO@orf=\skip49
)
("d:\Program Files\MiKTeX 2.9\tex\latex\base\report.cls"
Document Class: report 2007/10/19 v1.4h Standard LaTeX document class
("d:\Program Files\MiKTeX 2.9\tex\latex\base\size11.clo"
File: size11.clo 2007/10/19 v1.4h Standard LaTeX file (size option)
)
\c@part=\count79
\c@chapter=\count80
\c@section=\count81
\c@subsection=\count82
\c@subsubsection=\count83
\c@paragraph=\count84
\c@subparagraph=\count85
\c@figure=\count86
\c@table=\count87
\abovecaptionskip=\skip50
\belowcaptionskip=\skip51
\bibindent=\dimen102
)
("d:\Program Files\MiKTeX 2.9\tex\generic\babel\babel.sty"
Package: babel 2008/07/08 v3.8m The Babel package

*************************************
* Local config file bblopts.cfg used
*
("d:\Program Files\MiKTeX 2.9\tex\latex\00miktex\bblopts.cfg"
File: bblopts.cfg 2006/07/31 v1.0 MiKTeX 'babel' configuration
)
("d:\Program Files\MiKTeX 2.9\tex\generic\babel\frenchb.ldf"
Language: frenchb 2009/03/16 v2.3d French support from the babel system

("d:\Program Files\MiKTeX 2.9\tex\generic\babel\babel.def"
File: babel.def 2008/07/08 v3.8m Babel common definitions
\babel@savecnt=\count88
\U@D=\dimen103
)
Package babel Info: Making : an active character on input line 120.
Package babel Info: Making ; an active character on input line 121.
Package babel Info: Making ! an active character on input line 122.
Package babel Info: Making ? an active character on input line 123.
\FB@Mht=\dimen104
\std@mcc=\count89
\dec@mcc=\count90
\parindentFFN=\dimen105

*************************************
* Local config file frenchb.cfg used
*
("d:\Program Files\MiKTeX 2.9\tex\generic\babel\frenchb.cfg")))
("d:\Program Files\MiKTeX 2.9\tex\latex\carlisle\scalefnt.sty")
("d:\Program Files\MiKTeX 2.9\tex\latex\graphics\keyval.sty"
Package: keyval 1999/03/16 v1.13 key=value parser (DPC)
\KV@toks@=\toks14
)
("d:\Program Files\MiKTeX 2.9\tex\latex\ltxmisc\url.sty"
\Urlmuskip=\muskip10
Package: url 2006/04/12  ver 3.3  Verb mode for urls, etc.
)
(C:\Users\shang\AppData\Roaming\MiKTeX\2.9\tex\latex\xcolor\xcolor.sty
Package: xcolor 2007/01/21 v2.11 LaTeX color extensions (UK)

("d:\Program Files\MiKTeX 2.9\tex\latex\00miktex\color.cfg"
File: color.cfg 2007/01/18 v1.5 color configuration of teTeX/TeXLive
)
Package xcolor Info: Driver file: pdftex.def on input line 225.

("d:\Program Files\MiKTeX 2.9\tex\latex\pdftex-def\pdftex.def"
File: pdftex.def 2011/05/27 v0.06d Graphics/color for pdfTeX

("d:\Program Files\MiKTeX 2.9\tex\generic\oberdiek\infwarerr.sty"
Package: infwarerr 2010/04/08 v1.3 Providing info/warning/message (HO)
)
("d:\Program Files\MiKTeX 2.9\tex\generic\oberdiek\ltxcmds.sty"
Package: ltxcmds 2011/04/18 v1.20 LaTeX kernel commands for general use (HO)
)
\Gread@gobject=\count91
)
Package xcolor Info: Model `cmy' substituted by `cmy0' on input line 1337.
Package xcolor Info: Model `hsb' substituted by `rgb' on input line 1341.
Package xcolor Info: Model `RGB' extended on input line 1353.
Package xcolor Info: Model `HTML' substituted by `rgb' on input line 1355.
Package xcolor Info: Model `Hsb' substituted by `hsb' on input line 1356.
Package xcolor Info: Model `tHsb' substituted by `hsb' on input line 1357.
Package xcolor Info: Model `HSB' substituted by `hsb' on input line 1358.
Package xcolor Info: Model `Gray' substituted by `gray' on input line 1359.
Package xcolor Info: Model `wave' substituted by `hsb' on input line 1360.
)
(C:\Users\shang\AppData\Roaming\MiKTeX\2.9\tex\latex\comment\comment.sty
\CommentStream=\write3

Excluding comment 'comment')
(C:\Users\shang\AppData\Roaming\MiKTeX\2.9\tex\latex\lastpage\lastpage.sty
Package: lastpage 2011/09/01 v1.2k Refers to last page's name (HMM; JPG)
)
(C:\Users\shang\AppData\Roaming\MiKTeX\2.9\tex\latex\fp\fp.sty
Package: fp 1995/04/02

`Fixed Point Package', Version 0.8, April 2, 1995 (C) Michael Mehlich
(C:\Users\shang\AppData\Roaming\MiKTeX\2.9\tex\latex\fp\defpattern.sty
Package: defpattern 1994/10/12
\actioncount=\count92
)
(C:\Users\shang\AppData\Roaming\MiKTeX\2.9\tex\latex\fp\fp-basic.sty
Package: fp-basic 1996/05/13
\FP@xs=\count93
\FP@xia=\count94
\FP@xib=\count95
\FP@xfa=\count96
\FP@xfb=\count97
\FP@rega=\count98
\FP@regb=\count99
\FP@regs=\count100
\FP@times=\count101
)
(C:\Users\shang\AppData\Roaming\MiKTeX\2.9\tex\latex\fp\fp-addons.sty
Package: fp-addons 1995/03/15
)
(C:\Users\shang\AppData\Roaming\MiKTeX\2.9\tex\latex\fp\fp-snap.sty
Package: fp-snap 1995/04/05
)
(C:\Users\shang\AppData\Roaming\MiKTeX\2.9\tex\latex\fp\fp-exp.sty
Package: fp-exp 1995/04/03
)
(C:\Users\shang\AppData\Roaming\MiKTeX\2.9\tex\latex\fp\fp-trigo.sty
Package: fp-trigo 1995/04/14
)
(C:\Users\shang\AppData\Roaming\MiKTeX\2.9\tex\latex\fp\fp-pas.sty
Package: fp-pas 1994/08/29
)
(C:\Users\shang\AppData\Roaming\MiKTeX\2.9\tex\latex\fp\fp-random.sty
Package: fp-random 1995/02/23
\FPseed=\count102
)
(C:\Users\shang\AppData\Roaming\MiKTeX\2.9\tex\latex\fp\fp-eqn.sty
Package: fp-eqn 1995/04/03
)
(C:\Users\shang\AppData\Roaming\MiKTeX\2.9\tex\latex\fp\fp-upn.sty
Package: fp-upn 1996/10/21
)
(C:\Users\shang\AppData\Roaming\MiKTeX\2.9\tex\latex\fp\fp-eval.sty
Package: fp-eval 1995/04/03
))
("d:\Program Files\MiKTeX 2.9\tex\latex\graphics\graphicx.sty"
Package: graphicx 1999/02/16 v1.0f Enhanced LaTeX Graphics (DPC,SPQR)

("d:\Program Files\MiKTeX 2.9\tex\latex\graphics\graphics.sty"
Package: graphics 2009/02/05 v1.0o Standard LaTeX Graphics (DPC,SPQR)

("d:\Program Files\MiKTeX 2.9\tex\latex\graphics\trig.sty"
Package: trig 1999/03/16 v1.09 sin cos tan (DPC)
)
("d:\Program Files\MiKTeX 2.9\tex\latex\00miktex\graphics.cfg"
File: graphics.cfg 2007/01/18 v1.5 graphics configuration of teTeX/TeXLive
)
Package graphics Info: Driver file: pdftex.def on input line 91.
)
\Gin@req@height=\dimen106
\Gin@req@width=\dimen107
)
("d:\Program Files\MiKTeX 2.9\tex\latex\hyperref\hyperref.sty"
Package: hyperref 2011/08/19 v6.82h Hypertext links for LaTeX

("d:\Program Files\MiKTeX 2.9\tex\generic\oberdiek\hobsub-hyperref.sty"
Package: hobsub-hyperref 2011/04/23 v1.4 Bundle oberdiek, subset hyperref (HO)

("d:\Program Files\MiKTeX 2.9\tex\generic\oberdiek\hobsub-generic.sty"
Package: hobsub-generic 2011/04/23 v1.4 Bundle oberdiek, subset generic (HO)
Package: hobsub 2011/04/23 v1.4 Subsetting bundle oberdiek (HO)
Package hobsub Info: Skipping package `infwarerr' (already loaded).
Package hobsub Info: Skipping package `ltxcmds' (already loaded).
Package: ifluatex 2010/03/01 v1.3 Provides the ifluatex switch (HO)
Package ifluatex Info: LuaTeX not detected.
Package: ifvtex 2010/03/01 v1.5 Switches for detecting VTeX and its modes (HO)
Package ifvtex Info: VTeX not detected.
Package: intcalc 2007/09/27 v1.1 Expandable integer calculations (HO)
Package: ifpdf 2011/01/30 v2.3 Provides the ifpdf switch (HO)
Package ifpdf Info: pdfTeX in PDF mode is detected.
Package: etexcmds 2011/02/16 v1.5 Prefix for e-TeX command names (HO)
Package etexcmds Info: Could not find \expanded.
(etexcmds)             That can mean that you are not using pdfTeX 1.50 or
(etexcmds)             that some package has redefined \expanded.
(etexcmds)             In the latter case, load this package earlier.
Package: kvsetkeys 2011/04/07 v1.13 Key value parser (HO)
Package: kvdefinekeys 2011/04/07 v1.3 Defining keys (HO)
Package: pdftexcmds 2011/04/22 v0.16 Utilities of pdfTeX for LuaTeX (HO)
Package pdftexcmds Info: LuaTeX not detected.
Package pdftexcmds Info: \pdf@primitive is available.
Package pdftexcmds Info: \pdf@ifprimitive is available.
Package pdftexcmds Info: \pdfdraftmode found.
Package: pdfescape 2011/04/04 v1.12 Provides string conversions (HO)
Package: bigintcalc 2011/01/30 v1.2 Expandable big integer calculations (HO)
Package: bitset 2011/01/30 v1.1 Data type bit set (HO)
Package: uniquecounter 2011/01/30 v1.2 Provides unlimited unique counter (HO)
)
Package hobsub Info: Skipping package `hobsub' (already loaded).
Package: letltxmacro 2010/09/02 v1.4 Let assignment for LaTeX macros (HO)
Package: hopatch 2011/01/30 v1.0 Wrapper for package hooks (HO)
Package: xcolor-patch 2011/01/30 xcolor patch
Package: atveryend 2011/04/23 v1.7 Hooks at very end of document (HO)
Package: atbegshi 2011/01/30 v1.15 At begin shipout hook (HO)
Package: refcount 2010/12/01 v3.2 Data extraction from references (HO)
Package: hycolor 2011/01/30 v1.7 Color options of hyperref/bookmark (HO)
)
("d:\Program Files\MiKTeX 2.9\tex\generic\ifxetex\ifxetex.sty"
Package: ifxetex 2010/09/12 v0.6 Provides ifxetex conditional
)
("d:\Program Files\MiKTeX 2.9\tex\latex\oberdiek\kvoptions.sty"
Package: kvoptions 2010/12/23 v3.10 Keyval support for LaTeX options (HO)
)
\@linkdim=\dimen108
\Hy@linkcounter=\count103
\Hy@pagecounter=\count104

("d:\Program Files\MiKTeX 2.9\tex\latex\hyperref\pd1enc.def"
File: pd1enc.def 2011/08/19 v6.82h Hyperref: PDFDocEncoding definition (HO)
)
\Hy@SavedSpaceFactor=\count105

("d:\Program Files\MiKTeX 2.9\tex\latex\00miktex\hyperref.cfg"
File: hyperref.cfg 2002/06/06 v1.2 hyperref configuration of TeXLive
)
Package hyperref Info: Hyper figures OFF on input line 4053.
Package hyperref Info: Link nesting OFF on input line 4058.
Package hyperref Info: Hyper index ON on input line 4061.
Package hyperref Info: Plain pages OFF on input line 4068.
Package hyperref Info: Backreferencing OFF on input line 4073.
Package hyperref Info: Implicit mode ON; LaTeX internals redefined.
Package hyperref Info: Bookmarks ON on input line 4291.
\c@Hy@tempcnt=\count106
LaTeX Info: Redefining \url on input line 4644.
\Fld@menulength=\count107
\Field@Width=\dimen109
\Fld@charsize=\dimen110
Package hyperref Info: Hyper figures OFF on input line 5730.
Package hyperref Info: Link nesting OFF on input line 5735.
Package hyperref Info: Hyper index ON on input line 5738.
Package hyperref Info: backreferencing OFF on input line 5745.
Package hyperref Info: Link coloring OFF on input line 5750.
Package hyperref Info: Link coloring with OCG OFF on input line 5755.
Package hyperref Info: PDF/A mode OFF on input line 5760.
LaTeX Info: Redefining \ref on input line 5800.
LaTeX Info: Redefining \pageref on input line 5804.
\Hy@abspage=\count108
\c@Item=\count109
\c@Hfootnote=\count110
)

Package hyperref Message: Driver (autodetected): hpdftex.

("d:\Program Files\MiKTeX 2.9\tex\latex\hyperref\hpdftex.def"
File: hpdftex.def 2011/08/19 v6.82h Hyperref driver for pdfTeX
\Fld@listcount=\count111
\c@bookmark@seq@number=\count112

("d:\Program Files\MiKTeX 2.9\tex\latex\oberdiek\rerunfilecheck.sty"
Package: rerunfilecheck 2011/04/15 v1.7 Rerun checks for auxiliary files (HO)
Package uniquecounter Info: New unique counter `rerunfilecheck' on input line 2
82.
)
\Hy@SectionHShift=\skip52
)
Package hyperref Info: Option `colorlinks' set `true' on input line 104.
Package hyperref Info: Option `breaklinks' set `true' on input line 104.
Package hyperref Info: Option `bookmarksopen' set `true' on input line 104.
Package hyperref Info: Option `bookmarksnumbered' set `true' on input line 104.

Package hyperref Info: Option `plainpages' set `false' on input line 104.
Package hyperref Info: Option `pdfdisplaydoctitle' set `true' on input line 104
.
Package hyperref Info: Option `hypertexnames' set `false' on input line 104.
\headersize=\skip53
\EPUlogo=\box26

<logos/Logo_Polytech_Tours.pdf, id=1, 240.9pt x 114.4275pt>
File: logos/Logo_Polytech_Tours.pdf Graphic file (type pdf)

<use logos/Logo_Polytech_Tours.pdf>
Package pdftex.def Info: logos/Logo_Polytech_Tours.pdf used on input line 399.
(pdftex.def)             Requested size: 73.97733pt x 35.13866pt.
)
(D:\Polytech\Projets\Latex\modele-EPURapport\modele-rapport\include.tex
(C:\Users\shang\AppData\Roaming\MiKTeX\2.9\tex\latex\listings\listings.sty
\lst@mode=\count113
\lst@gtempboxa=\box27
\lst@token=\toks15
\lst@length=\count114
\lst@currlwidth=\dimen111
\lst@column=\count115
\lst@pos=\count116
\lst@lostspace=\dimen112
\lst@width=\dimen113
\lst@newlines=\count117
\lst@lineno=\count118
\lst@maxwidth=\dimen114

(C:\Users\shang\AppData\Roaming\MiKTeX\2.9\tex\latex\listings\lstmisc.sty
File: lstmisc.sty 2007/02/22 1.4 (Carsten Heinz)
\c@lstnumber=\count119
\lst@skipnumbers=\count120
\lst@framebox=\box28
)
(C:\Users\shang\AppData\Roaming\MiKTeX\2.9\tex\latex\listings\listings.cfg
File: listings.cfg 2007/02/22 1.4 listings configuration
))
Package: listings 2007/02/22 1.4 (Carsten Heinz)
)
(D:\Polytech\Projets\Latex\modele-EPURapport\modele-rapport\RapportSE.aux)
LaTeX Font Info:    Checking defaults for OML/cmm/m/it on input line 31.
LaTeX Font Info:    ... okay on input line 31.
LaTeX Font Info:    Checking defaults for T1/cmr/m/n on input line 31.
LaTeX Font Info:    ... okay on input line 31.
LaTeX Font Info:    Checking defaults for OT1/cmr/m/n on input line 31.
LaTeX Font Info:    ... okay on input line 31.
LaTeX Font Info:    Checking defaults for OMS/cmsy/m/n on input line 31.
LaTeX Font Info:    ... okay on input line 31.
LaTeX Font Info:    Checking defaults for OMX/cmex/m/n on input line 31.
LaTeX Font Info:    ... okay on input line 31.
LaTeX Font Info:    Checking defaults for U/cmr/m/n on input line 31.
LaTeX Font Info:    ... okay on input line 31.
LaTeX Font Info:    Checking defaults for PD1/pdf/m/n on input line 31.
LaTeX Font Info:    ... okay on input line 31.
LaTeX Font Info:    Try loading font information for T1+lmr on input line 31.

("d:\Program Files\MiKTeX 2.9\tex\latex\lm\t1lmr.fd"
File: t1lmr.fd 2009/10/30 v1.6 Font defs for Latin Modern
)
LaTeX Info: Redefining \degres on input line 31.
LaTeX Info: Redefining \dots on input line 31.
LaTeX Info: Redefining \up on input line 31.

(C:\Users\shang\AppData\Roaming\MiKTeX\2.9\tex\context\base\supp-pdf.mkii
[Loading MPS to PDF converter (version 2006.09.02).]
\scratchcounter=\count121
\scratchdimen=\dimen115
\scratchbox=\box29
\nofMPsegments=\count122
\nofMParguments=\count123
\everyMPshowfont=\toks16
\MPscratchCnt=\count124
\MPscratchDim=\dimen116
\MPnumerator=\count125
\makeMPintoPDFobject=\count126
\everyMPtoPDFconversion=\toks17
)
Package lastpage Info: Please have a look at the pageslts package at
(lastpage)             http://www.ctan.org/tex-archive/ 
(lastpage)             macros/latex/contrib/pageslts/ 
(lastpage)             or
(lastpage)             http://www.ctan.org/tex-archive/ 
(lastpage)             install/macros/latex/contrib/pageslts.tds.zip
(lastpage)             ! on input line 31.
\AtBeginShipoutBox=\box30
Package hyperref Info: Link coloring ON on input line 31.
 ("d:\Program Files\MiKTeX 2.9\tex\latex\hyperref\nameref.sty"
Package: nameref 2010/04/30 v2.40 Cross-referencing by name of section

("d:\Program Files\MiKTeX 2.9\tex\generic\oberdiek\gettitlestring.sty"
Package: gettitlestring 2010/12/03 v1.4 Cleanup title references (HO)
)
\c@section@level=\count127
)
LaTeX Info: Redefining \ref on input line 31.
LaTeX Info: Redefining \pageref on input line 31.
LaTeX Info: Redefining \nameref on input line 31.

(D:\Polytech\Projets\Latex\modele-EPURapport\modele-rapport\RapportSE.out)
(D:\Polytech\Projets\Latex\modele-EPURapport\modele-rapport\RapportSE.out)
\@outlinefile=\write4
LaTeX Font Info:    Try loading font information for T1+lmss on input line 31.

("d:\Program Files\MiKTeX 2.9\tex\latex\lm\t1lmss.fd"
File: t1lmss.fd 2009/10/30 v1.6 Font defs for Latin Modern
)
File: logos/Logo_Polytech_Tours.pdf Graphic file (type pdf)

<use logos/Logo_Polytech_Tours.pdf>
Package pdftex.def Info: logos/Logo_Polytech_Tours.pdf used on input line 31.
(pdftex.def)             Requested size: 227.62204pt x 108.12407pt.
LaTeX Font Info:    Try loading font information for T1+lmtt on input line 31.

("d:\Program Files\MiKTeX 2.9\tex\latex\lm\t1lmtt.fd"
File: t1lmtt.fd 2009/10/30 v1.6 Font defs for Latin Modern
) [1

{C:/Users/shang/AppData/Local/MiKTeX/2.9/pdftex/config/pdftex.map} <D:/Polytech
/Projets/Latex/modele-EPURapport/modele-rapport/logos/Logo_Polytech_Tours.pdf>]
 [2]
(D:\Polytech\Projets\Latex\modele-EPURapport\modele-rapport\RapportSE.toc
LaTeX Font Info:    Try loading font information for OT1+lmr on input line 4.

("d:\Program Files\MiKTeX 2.9\tex\latex\lm\ot1lmr.fd"
File: ot1lmr.fd 2009/10/30 v1.6 Font defs for Latin Modern
)
LaTeX Font Info:    Try loading font information for OML+lmm on input line 4.

("d:\Program Files\MiKTeX 2.9\tex\latex\lm\omllmm.fd"
File: omllmm.fd 2009/10/30 v1.6 Font defs for Latin Modern
)
LaTeX Font Info:    Try loading font information for OMS+lmsy on input line 4.

("d:\Program Files\MiKTeX 2.9\tex\latex\lm\omslmsy.fd"
File: omslmsy.fd 2009/10/30 v1.6 Font defs for Latin Modern
)
LaTeX Font Info:    Try loading font information for OMX+lmex on input line 4.

("d:\Program Files\MiKTeX 2.9\tex\latex\lm\omxlmex.fd"
File: omxlmex.fd 2009/10/30 v1.6 Font defs for Latin Modern
)
LaTeX Font Info:    External font `lmex10' loaded for size
(Font)              <10.95> on input line 4.
LaTeX Font Info:    External font `lmex10' loaded for size
(Font)              <8> on input line 4.
LaTeX Font Info:    External font `lmex10' loaded for size
(Font)              <6> on input line 4.
)
\tf@toc=\write5
 [3

]
(D:\Polytech\Projets\Latex\modele-EPURapport\modele-rapport\RapportSE.lof)
\tf@lof=\write6

[4

]
\c@lstlisting=\count128

Chapitre 1.
(D:\Polytech\Projets\Latex\modele-EPURapport\modele-rapport\Ch_intro.tex)
[5

]
Chapitre 2.
(D:\Polytech\Projets\Latex\modele-EPURapport\modele-rapport\Ch1.tex
LaTeX Font Info:    External font `lmex10' loaded for size
(Font)              <9> on input line 1.
LaTeX Font Info:    External font `lmex10' loaded for size
(Font)              <5> on input line 1.

<pics/ch1_architechture.png, id=176, 431.211pt x 310.15875pt>
File: pics/ch1_architechture.png Graphic file (type png)

<use pics/ch1_architechture.png>
Package pdftex.def Info: pics/ch1_architechture.png used on input line 7.
(pdftex.def)             Requested size: 398.33858pt x 286.52794pt.

Underfull \vbox (badness 1092) has occurred while \output is active []

 [6

 <D:/Polytech/Projets/Latex/modele-EPURapport/modele-rapport/pics/ch1_architech
ture.png>]
LaTeX Font Info:    Font shape `T1/lmss/m/it' in size <10.95> not available
(Font)              Font shape `T1/lmss/m/sl' tried instead on input line 24.
 [7]
Underfull \hbox (badness 10000) in paragraph at lines 80--81

 []

<pics/ch1_addrepository.jpg, id=204, 370.38374pt x 151.3153pt>
File: pics/ch1_addrepository.jpg Graphic file (type jpg)

<use pics/ch1_addrepository.jpg>
Package pdftex.def Info: pics/ch1_addrepository.jpg used on input line 84.
(pdftex.def)             Requested size: 284.52756pt x 116.24068pt.


LaTeX Warning: `h' float specifier changed to `ht'.

<pics/ch1_preferences.jpg, id=205, 523.20468pt x 349.305pt>
File: pics/ch1_preferences.jpg Graphic file (type jpg)

<use pics/ch1_preferences.jpg>
Package pdftex.def Info: pics/ch1_preferences.jpg used on input line 93.
(pdftex.def)             Requested size: 284.52756pt x 189.9597pt.
 [8]
<pics/ch1_androidsdkmanager.jpg, id=214, 451.08525pt x 393.26926pt>
File: pics/ch1_androidsdkmanager.jpg Graphic file (type jpg)

<use pics/ch1_androidsdkmanager.jpg>
Package pdftex.def Info: pics/ch1_androidsdkmanager.jpg used on input line 102.

(pdftex.def)             Requested size: 284.52756pt x 248.06699pt.


LaTeX Warning: `h' float specifier changed to `ht'.

<pics/ch1_createavd.jpg, id=215, 382.42876pt x 516.42938pt>
File: pics/ch1_createavd.jpg Graphic file (type jpg)

<use pics/ch1_createavd.jpg>
Package pdftex.def Info: pics/ch1_createavd.jpg used on input line 118.
(pdftex.def)             Requested size: 227.62204pt x 307.37779pt.


LaTeX Warning: `!h' float specifier changed to `!ht'.

) [9 <D:/Polytech/Projets/Latex/modele-EPURapport/modele-rapport/pics/ch1_addre
pository.jpg> <D:/Polytech/Projets/Latex/modele-EPURapport/modele-rapport/pics/
ch1_preferences.jpg>] [10 <D:/Polytech/Projets/Latex/modele-EPURapport/modele-r
apport/pics/ch1_androidsdkmanager.jpg> <D:/Polytech/Projets/Latex/modele-EPURap
port/modele-rapport/pics/ch1_createavd.jpg>]
Chapitre 3.
(D:\Polytech\Projets\Latex\modele-EPURapport\modele-rapport\Ch2.tex
Overfull \hbox (173.30846pt too wide) in paragraph at lines 28--29
[][][][][][][][][][][][][][][][][][][][][][] 
 []


Overfull \hbox (55.0475pt too wide) in paragraph at lines 29--31
[][][][][][][][][][][][][][][][][][][][][] 
 []

[11

] <pics/ch2_carte.jpg, id=259, 867.24pt x 552.0625pt>
File: pics/ch2_carte.jpg Graphic file (type jpg)

<use pics/ch2_carte.jpg>
Package pdftex.def Info: pics/ch2_carte.jpg used on input line 52.
(pdftex.def)             Requested size: 398.33858pt x 253.57275pt.

<pics/ch2_andropodcontroller.png, id=260, 529.98pt x 366.61969pt>
File: pics/ch2_andropodcontroller.png Graphic file (type png)

<use pics/ch2_andropodcontroller.png>
Package pdftex.def Info: pics/ch2_andropodcontroller.png used on input line 59.

(pdftex.def)             Requested size: 398.33858pt x 275.55707pt.

Underfull \hbox (badness 10000) in paragraph at lines 67--68

 []

<pics/ch2_schema.pdf, id=261, 1195.46625pt x 845.1575pt>
File: pics/ch2_schema.pdf Graphic file (type pdf)

<use pics/ch2_schema.pdf>
Package pdftex.def Info: pics/ch2_schema.pdf used on input line 84.
(pdftex.def)             Requested size: 455.24408pt x 321.84668pt.
) [12 <D:/Polytech/Projets/Latex/modele-EPURapport/modele-rapport/pics/ch2_cart
e.jpg>]

LaTeX Warning: Text page 13 contains only floats.

[13 <D:/Polytech/Projets/Latex/modele-EPURapport/modele-rapport/pics/ch2_androp
odcontroller.png> <D:/Polytech/Projets/Latex/modele-EPURapport/modele-rapport/p
ics/ch2_schema.pdf>]
Chapitre 4.
(D:\Polytech\Projets\Latex\modele-EPURapport\modele-rapport\Ch3.tex
<pics/ch3_robot.jpg, id=291, 310.15875pt x 199.49532pt>
File: pics/ch3_robot.jpg Graphic file (type jpg)

<use pics/ch3_robot.jpg>
Package pdftex.def Info: pics/ch3_robot.jpg used on input line 5.
(pdftex.def)             Requested size: 398.33858pt x 256.21153pt.

<pics/ch3_lynxterm.jpg, id=297, 625.33624pt x 477.785pt>
File: pics/ch3_lynxterm.jpg Graphic file (type jpg)

<use pics/ch3_lynxterm.jpg>
Package pdftex.def Info: pics/ch3_lynxterm.jpg used on input line 13.
(pdftex.def)             Requested size: 398.33858pt x 304.35243pt.

Underfull \vbox (badness 3884) has occurred while \output is active []

 [14

 <D:/Polytech/Projets/Latex/modele-EPURapport/modele-rapport/pics/ch3_robot.jpg
>]
<pics/ch3_motorrange.jpg, id=307, 469.755pt x 288.47775pt>
File: pics/ch3_motorrange.jpg Graphic file (type jpg)

<use pics/ch3_motorrange.jpg>
Package pdftex.def Info: pics/ch3_motorrange.jpg used on input line 36.
(pdftex.def)             Requested size: 398.33858pt x 244.6218pt.

<pics/ch3_schema_ssc32.pdf, id=309, 794.97pt x 614.295pt>
File: pics/ch3_schema_ssc32.pdf Graphic file (type pdf)

<use pics/ch3_schema_ssc32.pdf>
Package pdftex.def Info: pics/ch3_schema_ssc32.pdf used on input line 45.
(pdftex.def)             Requested size: 455.24408pt x 351.79211pt.
) [15 <D:/Polytech/Projets/Latex/modele-EPURapport/modele-rapport/pics/ch3_lynx
term.jpg>]

LaTeX Warning: Text page 16 contains only floats.

[16 <D:/Polytech/Projets/Latex/modele-EPURapport/modele-rapport/pics/ch3_motorr
ange.jpg> <D:/Polytech/Projets/Latex/modele-EPURapport/modele-rapport/pics/ch3_
schema_ssc32.pdf>]
Chapitre 5.
(D:\Polytech\Projets\Latex\modele-EPURapport\modele-rapport\Ch4.tex
<pics/ch4_interface.png, id=327, 722.7pt x 1284.8pt>
File: pics/ch4_interface.png Graphic file (type png)

<use pics/ch4_interface.png>
Package pdftex.def Info: pics/ch4_interface.png used on input line 9.
(pdftex.def)             Requested size: 170.71652pt x 303.4964pt.

<pics/ch4_ensemble.JPG, id=328, 2569.6pt x 1927.2pt>
File: pics/ch4_ensemble.JPG Graphic file (type jpg)

<use pics/ch4_ensemble.JPG>
Package pdftex.def Info: pics/ch4_ensemble.JPG used on input line 25.
(pdftex.def)             Requested size: 398.33858pt x 298.74232pt.
) [17

 <D:/Polytech/Projets/Latex/modele-EPURapport/modele-rapport/pics/ch4_interface
.png (PNG copy)>] [18 <D:/Polytech/Projets/Latex/modele-EPURapport/modele-rappo
rt/pics/ch4_ensemble.JPG>]
Chapitre 6.
(D:\Polytech\Projets\Latex\modele-EPURapport\modele-rapport\Ch5.tex) [19

]
Chapitre 7.
(D:\Polytech\Projets\Latex\modele-EPURapport\modele-rapport\Ch_conclu.tex)

AED: lastpage setting LastPage
[20

] ( FP-DIV ) ( FP-TRUNC ) ( FP-MUL ) ( FP-SUB ) ( FP-TRUNC ) ( FP-ZERO? )
( FP-SUB ) ( FP-TRUNC ) ( FP-SUB ) ( FP-POS? ) ( FP-SUB ) ( FP-POS? ) [21

]
Package atveryend Info: Empty hook `BeforeClearDocument' on input line 56.

[22

]
Package atveryend Info: Empty hook `AfterLastShipout' on input line 56.
 (D:\Polytech\Projets\Latex\modele-EPURapport\modele-rapport\RapportSE.aux)
Package atveryend Info: Executing hook `AtVeryEndDocument' on input line 56.
Package atveryend Info: Executing hook `AtEndAfterFileList' on input line 56.
Package rerunfilecheck Info: File `RapportSE.out' has not changed.
(rerunfilecheck)             Checksum: 8C0E5B9347920E3775B692649B090775;1212.
 )
(\end occurred when \iffalse on line 56 was incomplete) 
Here is how much of TeX's memory you used:
 8699 strings out of 494045
 125413 string characters out of 3148390
 250303 words of memory out of 3000000
 11692 multiletter control sequences out of 15000+200000
 89328 words of font info for 56 fonts, out of 3000000 for 9000
 715 hyphenation exceptions out of 8191
 36i,14n,45p,860b,1639s stack positions out of 5000i,500n,10000p,200000b,50000s
pdfTeX warning (dest): n
ame{Hfootnote.3} has been referenced but does not exist, replaced by a fixed on
e

{d:/Program Files/MiKTeX 2.9/fonts/enc/dvips/lm/lm-ec.enc}{d:/Program Files/MiK
TeX 2.9/fonts/enc/dvips/lm/lm-mathsy.enc}{d:/Program Files/MiKTeX 2.9/fonts/enc
/dvips/lm/lm-rm.enc}{d:/Program Files/MiKTeX 2.9/fonts/enc/dvips/lm/lm-mathit.e
nc}<d:/Program Files/MiKTeX 2.9/fonts/type1/public/lm/lmbx10.pfb><d:/Program Fi
les/MiKTeX 2.9/fonts/type1/public/lm/lmbx12.pfb><d:/Program Files/MiKTeX 2.9/fo
nts/type1/public/lm/lmcsc10.pfb><d:/Program Files/MiKTeX 2.9/fonts/type1/public
/lm/lmmi10.pfb><d:/Program Files/MiKTeX 2.9/fonts/type1/public/lm/lmr10.pfb><d:
/Program Files/MiKTeX 2.9/fonts/type1/public/lm/lmr8.pfb><d:/Program Files/MiKT
eX 2.9/fonts/type1/public/lm/lmr9.pfb><d:/Program Files/MiKTeX 2.9/fonts/type1/
public/lm/lmss10.pfb><d:/Program Files/MiKTeX 2.9/fonts/type1/public/lm/lmss12.
pfb><d:/Program Files/MiKTeX 2.9/fonts/type1/public/lm/lmss8.pfb><d:/Program Fi
les/MiKTeX 2.9/fonts/type1/public/lm/lmss9.pfb><d:/Program Files/MiKTeX 2.9/fon
ts/type1/public/lm/lmssbx10.pfb><d:/Program Files/MiKTeX 2.9/fonts/type1/public
/lm/lmsso10.pfb><d:/Program Files/MiKTeX 2.9/fonts/type1/public/lm/lmsy10.pfb><
d:/Program Files/MiKTeX 2.9/fonts/type1/public/lm/lmsy8.pfb><d:/Program Files/M
iKTeX 2.9/fonts/type1/public/lm/lmtt10.pfb>
Output written on RapportSE.pdf (22 pages, 3212433 bytes).
PDF statistics:
 443 PDF objects out of 1000 (max. 8388607)
 105 named destinations out of 1000 (max. 500000)
 228 words of extra memory for PDF output out of 10000 (max. 10000000)

